<?xml version="1.0" encoding="UTF-8"?>
<Site BuildName="Linux-g++"
	BuildStamp="20240330-1729-Experimental"
	Name="debian"
	Generator="ctest-3.25.1"
	CompilerName="/usr/bin/g++"
	CompilerVersion="12.2.0"
	OSName="Linux"
	Hostname="debian"
	OSRelease="6.1.0-18-amd64"
	OSVersion="#1 SMP PREEMPT_DYNAMIC Debian 6.1.76-1 (2024-02-01)"
	OSPlatform="x86_64"
	Is64Bits="1"
	VendorString="GenuineIntel"
	VendorID="Intel Corporation"
	FamilyID="6"
	ModelID="58"
	ProcessorCacheSize="6144"
	NumberOfLogicalCPU="8"
	NumberOfPhysicalCPU="4"
	TotalVirtualMemory="975"
	TotalPhysicalMemory="5741"
	LogicalProcessorsPerPhysical="2"
	ProcessorClockFrequency="2893.64"
	>
	<Testing>
		<StartDateTime>Mar 30 14:37 -03</StartDateTime>
		<StartTestTime>1711820270</StartTestTime>
		<TestList/>
		<EndDateTime>Mar 30 14:37 -03</EndDateTime>
		<EndTestTime>1711820270</EndTestTime>
		<ElapsedMinutes>0</ElapsedMinutes>
	</Testing>
</Site>
